<?xml version="1.0" encoding="UTF-8"?>
<Site BuildName="(empty)"
	BuildStamp="20240707-1115-Experimental"
	Name="(empty)"
	Generator="ctest-3.28.1"
	CompilerName=""
	CompilerVersion=""
	OSName="Linux"
	Hostname="lightyagami-Latitude-5420"
	OSRelease="6.8.0-36-generic"
	OSVersion="#36-Ubuntu SMP PREEMPT_DYNAMIC Mon Jun 10 10:49:14 UTC 2024"
	OSPlatform="x86_64"
	Is64Bits="1"
	VendorString="GenuineIntel"
	VendorID="Intel Corporation"
	FamilyID="6"
	ModelID="140"
	ProcessorCacheSize="8192"
	NumberOfLogicalCPU="8"
	NumberOfPhysicalCPU="4"
	TotalVirtualMemory="4095"
	TotalPhysicalMemory="15379"
	LogicalProcessorsPerPhysical="2"
	ProcessorClockFrequency="2999.54"
	>
	<Testing>
		<StartDateTime>Jul 07 13:15 CEST</StartDateTime>
		<StartTestTime>1720350943</StartTestTime>
		<TestList/>
		<EndDateTime>Jul 07 13:15 CEST</EndDateTime>
		<EndTestTime>1720350943</EndTestTime>
		<ElapsedMinutes>0</ElapsedMinutes>
	</Testing>
</Site>
